<?xml version="1.0" encoding="UTF-8"?>
<!-- Generated by org.testng.reporters.JUnitReportReporter -->
<testsuite hostname="srivalli" failures="0" tests="6" name="com.hcl.testcase.BookingAPITestCase" time="6.350" errors="0" timestamp="2024-06-27T15:09:10 IST" skipped="4">
  <testcase classname="com.hcl.testcase.BookingAPITestCase" name="testCreateBooking" time="3.173"/>
  <testcase classname="com.hcl.testcase.BookingAPITestCase" name="testGetBookingId" time="0.002">
    <skipped/>
  </testcase> <!-- testGetBookingId -->
  <testcase classname="com.hcl.testcase.BookingAPITestCase" name="getAllBookingIds" time="3.171"/>
  <testcase classname="com.hcl.testcase.BookingAPITestCase" name="partialUpdateBooking" time="0.002">
    <skipped/>
  </testcase> <!-- partialUpdateBooking -->
  <testcase classname="com.hcl.testcase.BookingAPITestCase" name="updateBooking" time="0.001">
    <skipped/>
  </testcase> <!-- updateBooking -->
  <testcase classname="com.hcl.testcase.BookingAPITestCase" name="deleteBooking" time="0.001">
    <skipped/>
  </testcase> <!-- deleteBooking -->
</testsuite> <!-- com.hcl.testcase.BookingAPITestCase -->
