<?xml version="1.0" encoding="UTF-8"?>
<!-- Generated by org.testng.reporters.JUnitReportReporter -->
<testsuite hostname="srivalli" failures="0" tests="4" name="com.hcl.testcase.NegativeTestCases" time="9.988" errors="0" timestamp="2024-06-27T15:09:10 IST" skipped="0">
  <testcase classname="com.hcl.testcase.NegativeTestCases" name="testCreateBooking" time="2.898"/>
  <testcase classname="com.hcl.testcase.NegativeTestCases" name="testDeleteBookingIdForInvalidId" time="2.898"/>
  <testcase classname="com.hcl.testcase.NegativeTestCases" name="testUpdateBookingIdForInvalidId" time="2.898"/>
  <testcase classname="com.hcl.testcase.NegativeTestCases" name="testGetBookingIdForInvalidId" time="1.294"/>
</testsuite> <!-- com.hcl.testcase.NegativeTestCases -->
